{"/Users/Loreleine/Workspace/camp2_exercises/06_react_redux/01_es6_fundamentals/01_aquarium/01_aquarium.js": {"path":"/Users/Loreleine/Workspace/camp2_exercises/06_react_redux/01_es6_fundamentals/01_aquarium/01_aquarium.js","statementMap":{"0":{"start":{"line":14,"column":4},"end":{"line":14,"column":21}},"1":{"start":{"line":15,"column":4},"end":{"line":15,"column":20}},"2":{"start":{"line":18,"column":4},"end":{"line":18,"column":27}},"3":{"start":{"line":21,"column":4},"end":{"line":21,"column":36}},"4":{"start":{"line":24,"column":4},"end":{"line":24,"column":52}},"5":{"start":{"line":25,"column":4},"end":{"line":25,"column":37}},"6":{"start":{"line":30,"column":2},"end":{"line":32,"column":3}},"7":{"start":{"line":31,"column":4},"end":{"line":31,"column":67}},"8":{"start":{"line":38,"column":4},"end":{"line":38,"column":25}},"9":{"start":{"line":45,"column":4},"end":{"line":45,"column":21}},"10":{"start":{"line":46,"column":4},"end":{"line":46,"column":19}},"11":{"start":{"line":55,"column":4},"end":{"line":55,"column":20}},"12":{"start":{"line":61,"column":4},"end":{"line":61,"column":20}},"13":{"start":{"line":65,"column":15},"end":{"line":65,"column":29}},"14":{"start":{"line":66,"column":0},"end":{"line":66,"column":20}},"15":{"start":{"line":68,"column":0},"end":{"line":68,"column":44}},"16":{"start":{"line":69,"column":0},"end":{"line":69,"column":38}},"17":{"start":{"line":70,"column":0},"end":{"line":70,"column":39}},"18":{"start":{"line":71,"column":0},"end":{"line":71,"column":20}},"19":{"start":{"line":73,"column":0},"end":{"line":73,"column":31}},"20":{"start":{"line":74,"column":0},"end":{"line":74,"column":19}},"21":{"start":{"line":75,"column":0},"end":{"line":75,"column":20}},"22":{"start":{"line":77,"column":0},"end":{"line":77,"column":18}},"23":{"start":{"line":80,"column":0},"end":{"line":84,"column":2}}},"fnMap":{"0":{"name":"(anonymous_0)","decl":{"start":{"line":13,"column":2},"end":{"line":13,"column":3}},"loc":{"start":{"line":13,"column":15},"end":{"line":16,"column":3}},"line":13},"1":{"name":"(anonymous_1)","decl":{"start":{"line":17,"column":2},"end":{"line":17,"column":3}},"loc":{"start":{"line":17,"column":16},"end":{"line":19,"column":3}},"line":17},"2":{"name":"(anonymous_2)","decl":{"start":{"line":20,"column":2},"end":{"line":20,"column":3}},"loc":{"start":{"line":20,"column":18},"end":{"line":22,"column":3}},"line":20},"3":{"name":"(anonymous_3)","decl":{"start":{"line":23,"column":2},"end":{"line":23,"column":3}},"loc":{"start":{"line":23,"column":13},"end":{"line":26,"column":3}},"line":23},"4":{"name":"displayListOfFishes","decl":{"start":{"line":29,"column":9},"end":{"line":29,"column":28}},"loc":{"start":{"line":29,"column":36},"end":{"line":33,"column":1}},"line":29},"5":{"name":"(anonymous_5)","decl":{"start":{"line":37,"column":2},"end":{"line":37,"column":3}},"loc":{"start":{"line":37,"column":21},"end":{"line":39,"column":3}},"line":37},"6":{"name":"(anonymous_6)","decl":{"start":{"line":44,"column":2},"end":{"line":44,"column":3}},"loc":{"start":{"line":44,"column":24},"end":{"line":47,"column":3}},"line":44},"7":{"name":"(anonymous_7)","decl":{"start":{"line":48,"column":2},"end":{"line":48,"column":3}},"loc":{"start":{"line":48,"column":16},"end":{"line":50,"column":3}},"line":48},"8":{"name":"(anonymous_8)","decl":{"start":{"line":54,"column":2},"end":{"line":54,"column":3}},"loc":{"start":{"line":54,"column":24},"end":{"line":56,"column":3}},"line":54},"9":{"name":"(anonymous_9)","decl":{"start":{"line":60,"column":2},"end":{"line":60,"column":3}},"loc":{"start":{"line":60,"column":24},"end":{"line":62,"column":3}},"line":60}},"branchMap":{},"s":{"0":5,"1":5,"2":3,"3":2,"4":1,"5":1,"6":1,"7":2,"8":3,"9":5,"10":5,"11":0,"12":0,"13":1,"14":1,"15":1,"16":1,"17":1,"18":1,"19":1,"20":1,"21":1,"22":1,"23":1},"f":{"0":5,"1":3,"2":2,"3":1,"4":1,"5":3,"6":5,"7":0,"8":0,"9":0},"b":{},"_coverageSchema":"332fd63041d2c1bcb487cc26dd0d5f7d97098a6c","hash":"5566be8843af7d4f043de037fed91f5ccdd49bbf"}
}
